Mobile Application Development/Medication Reminder Application - Project/app/build/intermediates/manifest_merge_blame_file/mockDebug/manifest-merger-blame-mock-debug-report.txt
1<?xml version="1.0" encoding="utf-8"?>
2<manifest xmlns:android="http://schemas.android.com/apk/res/android"
3    package="com.gautam.medicinetime.mock"
4    android:versionCode="1"
5    android:versionName="1.0" >
6
7    <uses-sdk
8        android:minSdkVersion="16"
8-->src\main\AndroidManifest.xml
9        android:targetSdkVersion="29" />
9-->src\main\AndroidManifest.xml
10
11    <uses-permission android:name="android.permission.VIBRATE" />
11-->src\main\AndroidManifest.xml:5:5-66
11-->src\main\AndroidManifest.xml:5:22-63
12
13    <application
13-->src\main\AndroidManifest.xml:7:5-25:19
14        android:allowBackup="true"
14-->src\main\AndroidManifest.xml:8:9-35
15        android:appComponentFactory="androidx.core.app.CoreComponentFactory"
15-->[androidx.core:core:1.1.0] AndroidManifest.xml:24:18-86
16        android:debuggable="true"
17        android:icon="@mipmap/ic_launcher"
17-->src\main\AndroidManifest.xml:9:9-43
18        android:label="@string/app_name"
18-->src\main\AndroidManifest.xml:10:9-41
19        android:roundIcon="@mipmap/ic_launcher_round"
19-->src\main\AndroidManifest.xml:11:9-54
20        android:supportsRtl="true"
20-->src\main\AndroidManifest.xml:12:9-35
21        android:testOnly="true"
22        android:theme="@style/AppTheme.NoActionBar" >
22-->src\main\AndroidManifest.xml:13:9-52
23        <activity android:name="com.gautam.medicinetime.medicine.MedicineActivity" >
23-->src\main\AndroidManifest.xml:14:9-20:20
23-->src\main\AndroidManifest.xml:14:19-60
24            <intent-filter>
24-->src\main\AndroidManifest.xml:15:13-19:29
25                <action android:name="android.intent.action.MAIN" />
25-->src\main\AndroidManifest.xml:16:17-69
25-->src\main\AndroidManifest.xml:16:25-66
26
27                <category android:name="android.intent.category.LAUNCHER" />
27-->src\main\AndroidManifest.xml:18:17-77
27-->src\main\AndroidManifest.xml:18:27-74
28            </intent-filter>
29        </activity>
30        <!-- <activity android:name=".MainActivity" /> -->
31        <activity android:name="com.gautam.medicinetime.addmedicine.AddMedicineActivity" />
31-->src\main\AndroidManifest.xml:22:9-69
31-->src\main\AndroidManifest.xml:22:19-66
32        <activity android:name="com.gautam.medicinetime.alarm.ReminderActivity" />
32-->src\main\AndroidManifest.xml:23:9-60
32-->src\main\AndroidManifest.xml:23:19-57
33        <activity android:name="com.gautam.medicinetime.report.MonthlyReportActivity" />
33-->src\main\AndroidManifest.xml:24:9-65
33-->src\main\AndroidManifest.xml:24:19-63
34    </application>
35
36</manifest>